<?xml version="1.0" encoding="UTF-8"?>
<testsuite name="JUnit Vintage" tests="2" skipped="0" failures="0" errors="0" time="0.024" hostname="localhost.localdomain" timestamp="2024-06-11T08:26:39">
<properties>
[...]
</properties>
<testcase name="test2" classname="AfortunadosTest" time="0.001">
<system-out><![CDATA[
unique-id: [engine:junit-vintage]/[runner:AfortunadosTest]/[test:test2(AfortunadosTest)]
display-name: test2
]]></system-out>
</testcase>
<testcase name="testa" classname="AfortunadosTest" time="0.008">
<system-out><![CDATA[
unique-id: [engine:junit-vintage]/[runner:AfortunadosTest]/[test:testa(AfortunadosTest)]
display-name: testa
]]></system-out>
</testcase>
<system-out><![CDATA[
unique-id: [engine:junit-vintage]
display-name: JUnit Vintage
]]></system-out>
</testsuite>
